2012/10/25 14:45:24 [error] [exception.CDbException] exception 'CDbException' with message 'CDbConnection failed to open the DB connection: SQLSTATE[28000] [1045] Access denied for user 'root'@'localhost' (using password: NO)' in /Users/lopezl/Sites/pmcore/framework/db/CDbConnection.php:382
Stack trace:
#0 /Users/lopezl/Sites/pmcore/framework/db/CDbConnection.php(331): CDbConnection->open()
#1 /Users/lopezl/Sites/pmcore/framework/db/CDbConnection.php(309): CDbConnection->setActive(true)
#2 /Users/lopezl/Sites/pmcore/framework/base/CModule.php(388): CDbConnection->init()
#3 /Users/lopezl/Sites/pmcore/framework/base/CApplication.php(431): CModule->getComponent('db')
#4 /Users/lopezl/Sites/pmcore/framework/db/ar/CActiveRecord.php(624): CApplication->getDb()
#5 /Users/lopezl/Sites/pmcore/framework/db/ar/CActiveRecord.php(2311): CActiveRecord->getDbConnection()
#6 /Users/lopezl/Sites/pmcore/framework/db/ar/CActiveRecord.php(388): CActiveRecordMetaData->__construct(Object(Advertiser))
#7 /Users/lopezl/Sites/pmcore/framework/web/CActiveDataProvider.php(75): CActiveRecord::model('Advertiser')
#8 /Users/lopezl/Sites/pmcore/protected/controllers/AdvertiserController.php(141): CActiveDataProvider->__construct('Advertiser', Array)
#9 /Users/lopezl/Sites/pmcore/framework/web/actions/CInlineAction.php(50): AdvertiserController->actionIndex()
#10 /Users/lopezl/Sites/pmcore/framework/web/CController.php(309): CInlineAction->runWithParams(Array)
#11 /Users/lopezl/Sites/pmcore/framework/web/filters/CFilterChain.php(134): CController->runAction(Object(CInlineAction))
#12 /Users/lopezl/Sites/pmcore/framework/web/filters/CFilter.php(41): CFilterChain->run()
#13 /Users/lopezl/Sites/pmcore/framework/web/CController.php(1146): CFilter->filter(Object(CFilterChain))
#14 /Users/lopezl/Sites/pmcore/framework/web/filters/CInlineFilter.php(59): CController->filterAccessControl(Object(CFilterChain))
#15 /Users/lopezl/Sites/pmcore/framework/web/filters/CFilterChain.php(131): CInlineFilter->filter(Object(CFilterChain))
#16 /Users/lopezl/Sites/pmcore/framework/web/CController.php(292): CFilterChain->run()
#17 /Users/lopezl/Sites/pmcore/framework/web/CController.php(266): CController->runActionWithFilters(Object(CInlineAction), Array)
#18 /Users/lopezl/Sites/pmcore/framework/web/CWebApplication.php(283): CController->run('')
#19 /Users/lopezl/Sites/pmcore/framework/web/CWebApplication.php(142): CWebApplication->runController('')
#20 /Users/lopezl/Sites/pmcore/framework/base/CApplication.php(162): CWebApplication->processRequest()
#21 /Users/lopezl/Sites/pmcore/index.php(13): CApplication->run()
#22 {main}
REQUEST_URI=/
HTTP_REFERER=http://pmcore.dev/site/login
---
2012/10/25 14:46:37 [error] [exception.CDbException] exception 'CDbException' with message 'CDbConnection failed to open the DB connection: SQLSTATE[28000] [1045] Access denied for user 'root'@'localhost' (using password: YES)' in /Users/lopezl/Sites/pmcore/framework/db/CDbConnection.php:382
Stack trace:
#0 /Users/lopezl/Sites/pmcore/framework/db/CDbConnection.php(331): CDbConnection->open()
#1 /Users/lopezl/Sites/pmcore/framework/db/CDbConnection.php(309): CDbConnection->setActive(true)
#2 /Users/lopezl/Sites/pmcore/framework/base/CModule.php(388): CDbConnection->init()
#3 /Users/lopezl/Sites/pmcore/framework/base/CApplication.php(431): CModule->getComponent('db')
#4 /Users/lopezl/Sites/pmcore/framework/db/ar/CActiveRecord.php(624): CApplication->getDb()
#5 /Users/lopezl/Sites/pmcore/framework/db/ar/CActiveRecord.php(2311): CActiveRecord->getDbConnection()
#6 /Users/lopezl/Sites/pmcore/framework/db/ar/CActiveRecord.php(388): CActiveRecordMetaData->__construct(Object(Advertiser))
#7 /Users/lopezl/Sites/pmcore/framework/web/CActiveDataProvider.php(75): CActiveRecord::model('Advertiser')
#8 /Users/lopezl/Sites/pmcore/protected/controllers/AdvertiserController.php(141): CActiveDataProvider->__construct('Advertiser', Array)
#9 /Users/lopezl/Sites/pmcore/framework/web/actions/CInlineAction.php(50): AdvertiserController->actionIndex()
#10 /Users/lopezl/Sites/pmcore/framework/web/CController.php(309): CInlineAction->runWithParams(Array)
#11 /Users/lopezl/Sites/pmcore/framework/web/filters/CFilterChain.php(134): CController->runAction(Object(CInlineAction))
#12 /Users/lopezl/Sites/pmcore/framework/web/filters/CFilter.php(41): CFilterChain->run()
#13 /Users/lopezl/Sites/pmcore/framework/web/CController.php(1146): CFilter->filter(Object(CFilterChain))
#14 /Users/lopezl/Sites/pmcore/framework/web/filters/CInlineFilter.php(59): CController->filterAccessControl(Object(CFilterChain))
#15 /Users/lopezl/Sites/pmcore/framework/web/filters/CFilterChain.php(131): CInlineFilter->filter(Object(CFilterChain))
#16 /Users/lopezl/Sites/pmcore/framework/web/CController.php(292): CFilterChain->run()
#17 /Users/lopezl/Sites/pmcore/framework/web/CController.php(266): CController->runActionWithFilters(Object(CInlineAction), Array)
#18 /Users/lopezl/Sites/pmcore/framework/web/CWebApplication.php(283): CController->run('')
#19 /Users/lopezl/Sites/pmcore/framework/web/CWebApplication.php(142): CWebApplication->runController('')
#20 /Users/lopezl/Sites/pmcore/framework/base/CApplication.php(162): CWebApplication->processRequest()
#21 /Users/lopezl/Sites/pmcore/index.php(13): CApplication->run()
#22 {main}
REQUEST_URI=/
---
2012/10/25 14:46:39 [error] [exception.CDbException] exception 'CDbException' with message 'CDbConnection failed to open the DB connection: SQLSTATE[28000] [1045] Access denied for user 'root'@'localhost' (using password: YES)' in /Users/lopezl/Sites/pmcore/framework/db/CDbConnection.php:382
Stack trace:
#0 /Users/lopezl/Sites/pmcore/framework/db/CDbConnection.php(331): CDbConnection->open()
#1 /Users/lopezl/Sites/pmcore/framework/db/CDbConnection.php(309): CDbConnection->setActive(true)
#2 /Users/lopezl/Sites/pmcore/framework/base/CModule.php(388): CDbConnection->init()
#3 /Users/lopezl/Sites/pmcore/framework/base/CApplication.php(431): CModule->getComponent('db')
#4 /Users/lopezl/Sites/pmcore/framework/db/ar/CActiveRecord.php(624): CApplication->getDb()
#5 /Users/lopezl/Sites/pmcore/framework/db/ar/CActiveRecord.php(2311): CActiveRecord->getDbConnection()
#6 /Users/lopezl/Sites/pmcore/framework/db/ar/CActiveRecord.php(388): CActiveRecordMetaData->__construct(Object(Advertiser))
#7 /Users/lopezl/Sites/pmcore/framework/web/CActiveDataProvider.php(75): CActiveRecord::model('Advertiser')
#8 /Users/lopezl/Sites/pmcore/protected/controllers/AdvertiserController.php(141): CActiveDataProvider->__construct('Advertiser', Array)
#9 /Users/lopezl/Sites/pmcore/framework/web/actions/CInlineAction.php(50): AdvertiserController->actionIndex()
#10 /Users/lopezl/Sites/pmcore/framework/web/CController.php(309): CInlineAction->runWithParams(Array)
#11 /Users/lopezl/Sites/pmcore/framework/web/filters/CFilterChain.php(134): CController->runAction(Object(CInlineAction))
#12 /Users/lopezl/Sites/pmcore/framework/web/filters/CFilter.php(41): CFilterChain->run()
#13 /Users/lopezl/Sites/pmcore/framework/web/CController.php(1146): CFilter->filter(Object(CFilterChain))
#14 /Users/lopezl/Sites/pmcore/framework/web/filters/CInlineFilter.php(59): CController->filterAccessControl(Object(CFilterChain))
#15 /Users/lopezl/Sites/pmcore/framework/web/filters/CFilterChain.php(131): CInlineFilter->filter(Object(CFilterChain))
#16 /Users/lopezl/Sites/pmcore/framework/web/CController.php(292): CFilterChain->run()
#17 /Users/lopezl/Sites/pmcore/framework/web/CController.php(266): CController->runActionWithFilters(Object(CInlineAction), Array)
#18 /Users/lopezl/Sites/pmcore/framework/web/CWebApplication.php(283): CController->run('')
#19 /Users/lopezl/Sites/pmcore/framework/web/CWebApplication.php(142): CWebApplication->runController('')
#20 /Users/lopezl/Sites/pmcore/framework/base/CApplication.php(162): CWebApplication->processRequest()
#21 /Users/lopezl/Sites/pmcore/index.php(13): CApplication->run()
#22 {main}
REQUEST_URI=/
---
2012/10/25 14:46:40 [error] [exception.CDbException] exception 'CDbException' with message 'CDbConnection failed to open the DB connection: SQLSTATE[28000] [1045] Access denied for user 'root'@'localhost' (using password: YES)' in /Users/lopezl/Sites/pmcore/framework/db/CDbConnection.php:382
Stack trace:
#0 /Users/lopezl/Sites/pmcore/framework/db/CDbConnection.php(331): CDbConnection->open()
#1 /Users/lopezl/Sites/pmcore/framework/db/CDbConnection.php(309): CDbConnection->setActive(true)
#2 /Users/lopezl/Sites/pmcore/framework/base/CModule.php(388): CDbConnection->init()
#3 /Users/lopezl/Sites/pmcore/framework/base/CApplication.php(431): CModule->getComponent('db')
#4 /Users/lopezl/Sites/pmcore/framework/db/ar/CActiveRecord.php(624): CApplication->getDb()
#5 /Users/lopezl/Sites/pmcore/framework/db/ar/CActiveRecord.php(2311): CActiveRecord->getDbConnection()
#6 /Users/lopezl/Sites/pmcore/framework/db/ar/CActiveRecord.php(388): CActiveRecordMetaData->__construct(Object(Advertiser))
#7 /Users/lopezl/Sites/pmcore/framework/web/CActiveDataProvider.php(75): CActiveRecord::model('Advertiser')
#8 /Users/lopezl/Sites/pmcore/protected/controllers/AdvertiserController.php(141): CActiveDataProvider->__construct('Advertiser', Array)
#9 /Users/lopezl/Sites/pmcore/framework/web/actions/CInlineAction.php(50): AdvertiserController->actionIndex()
#10 /Users/lopezl/Sites/pmcore/framework/web/CController.php(309): CInlineAction->runWithParams(Array)
#11 /Users/lopezl/Sites/pmcore/framework/web/filters/CFilterChain.php(134): CController->runAction(Object(CInlineAction))
#12 /Users/lopezl/Sites/pmcore/framework/web/filters/CFilter.php(41): CFilterChain->run()
#13 /Users/lopezl/Sites/pmcore/framework/web/CController.php(1146): CFilter->filter(Object(CFilterChain))
#14 /Users/lopezl/Sites/pmcore/framework/web/filters/CInlineFilter.php(59): CController->filterAccessControl(Object(CFilterChain))
#15 /Users/lopezl/Sites/pmcore/framework/web/filters/CFilterChain.php(131): CInlineFilter->filter(Object(CFilterChain))
#16 /Users/lopezl/Sites/pmcore/framework/web/CController.php(292): CFilterChain->run()
#17 /Users/lopezl/Sites/pmcore/framework/web/CController.php(266): CController->runActionWithFilters(Object(CInlineAction), Array)
#18 /Users/lopezl/Sites/pmcore/framework/web/CWebApplication.php(283): CController->run('')
#19 /Users/lopezl/Sites/pmcore/framework/web/CWebApplication.php(142): CWebApplication->runController('')
#20 /Users/lopezl/Sites/pmcore/framework/base/CApplication.php(162): CWebApplication->processRequest()
#21 /Users/lopezl/Sites/pmcore/index.php(13): CApplication->run()
#22 {main}
REQUEST_URI=/
---
2012/10/25 14:46:51 [error] [exception.CDbException] exception 'CDbException' with message 'CDbConnection failed to open the DB connection: SQLSTATE[28000] [1045] Access denied for user 'root'@'localhost' (using password: YES)' in /Users/lopezl/Sites/pmcore/framework/db/CDbConnection.php:382
Stack trace:
#0 /Users/lopezl/Sites/pmcore/framework/db/CDbConnection.php(331): CDbConnection->open()
#1 /Users/lopezl/Sites/pmcore/framework/db/CDbConnection.php(309): CDbConnection->setActive(true)
#2 /Users/lopezl/Sites/pmcore/framework/base/CModule.php(388): CDbConnection->init()
#3 /Users/lopezl/Sites/pmcore/framework/base/CApplication.php(431): CModule->getComponent('db')
#4 /Users/lopezl/Sites/pmcore/framework/db/ar/CActiveRecord.php(624): CApplication->getDb()
#5 /Users/lopezl/Sites/pmcore/framework/db/ar/CActiveRecord.php(2311): CActiveRecord->getDbConnection()
#6 /Users/lopezl/Sites/pmcore/framework/db/ar/CActiveRecord.php(388): CActiveRecordMetaData->__construct(Object(Advertiser))
#7 /Users/lopezl/Sites/pmcore/framework/web/CActiveDataProvider.php(75): CActiveRecord::model('Advertiser')
#8 /Users/lopezl/Sites/pmcore/protected/controllers/AdvertiserController.php(141): CActiveDataProvider->__construct('Advertiser', Array)
#9 /Users/lopezl/Sites/pmcore/framework/web/actions/CInlineAction.php(50): AdvertiserController->actionIndex()
#10 /Users/lopezl/Sites/pmcore/framework/web/CController.php(309): CInlineAction->runWithParams(Array)
#11 /Users/lopezl/Sites/pmcore/framework/web/filters/CFilterChain.php(134): CController->runAction(Object(CInlineAction))
#12 /Users/lopezl/Sites/pmcore/framework/web/filters/CFilter.php(41): CFilterChain->run()
#13 /Users/lopezl/Sites/pmcore/framework/web/CController.php(1146): CFilter->filter(Object(CFilterChain))
#14 /Users/lopezl/Sites/pmcore/framework/web/filters/CInlineFilter.php(59): CController->filterAccessControl(Object(CFilterChain))
#15 /Users/lopezl/Sites/pmcore/framework/web/filters/CFilterChain.php(131): CInlineFilter->filter(Object(CFilterChain))
#16 /Users/lopezl/Sites/pmcore/framework/web/CController.php(292): CFilterChain->run()
#17 /Users/lopezl/Sites/pmcore/framework/web/CController.php(266): CController->runActionWithFilters(Object(CInlineAction), Array)
#18 /Users/lopezl/Sites/pmcore/framework/web/CWebApplication.php(283): CController->run('')
#19 /Users/lopezl/Sites/pmcore/framework/web/CWebApplication.php(142): CWebApplication->runController('')
#20 /Users/lopezl/Sites/pmcore/framework/base/CApplication.php(162): CWebApplication->processRequest()
#21 /Users/lopezl/Sites/pmcore/index.php(13): CApplication->run()
#22 {main}
REQUEST_URI=/
---
2012/10/25 14:46:52 [error] [exception.CDbException] exception 'CDbException' with message 'CDbConnection failed to open the DB connection: SQLSTATE[28000] [1045] Access denied for user 'root'@'localhost' (using password: YES)' in /Users/lopezl/Sites/pmcore/framework/db/CDbConnection.php:382
Stack trace:
#0 /Users/lopezl/Sites/pmcore/framework/db/CDbConnection.php(331): CDbConnection->open()
#1 /Users/lopezl/Sites/pmcore/framework/db/CDbConnection.php(309): CDbConnection->setActive(true)
#2 /Users/lopezl/Sites/pmcore/framework/base/CModule.php(388): CDbConnection->init()
#3 /Users/lopezl/Sites/pmcore/framework/base/CApplication.php(431): CModule->getComponent('db')
#4 /Users/lopezl/Sites/pmcore/framework/db/ar/CActiveRecord.php(624): CApplication->getDb()
#5 /Users/lopezl/Sites/pmcore/framework/db/ar/CActiveRecord.php(2311): CActiveRecord->getDbConnection()
#6 /Users/lopezl/Sites/pmcore/framework/db/ar/CActiveRecord.php(388): CActiveRecordMetaData->__construct(Object(Advertiser))
#7 /Users/lopezl/Sites/pmcore/framework/web/CActiveDataProvider.php(75): CActiveRecord::model('Advertiser')
#8 /Users/lopezl/Sites/pmcore/protected/controllers/AdvertiserController.php(141): CActiveDataProvider->__construct('Advertiser', Array)
#9 /Users/lopezl/Sites/pmcore/framework/web/actions/CInlineAction.php(50): AdvertiserController->actionIndex()
#10 /Users/lopezl/Sites/pmcore/framework/web/CController.php(309): CInlineAction->runWithParams(Array)
#11 /Users/lopezl/Sites/pmcore/framework/web/filters/CFilterChain.php(134): CController->runAction(Object(CInlineAction))
#12 /Users/lopezl/Sites/pmcore/framework/web/filters/CFilter.php(41): CFilterChain->run()
#13 /Users/lopezl/Sites/pmcore/framework/web/CController.php(1146): CFilter->filter(Object(CFilterChain))
#14 /Users/lopezl/Sites/pmcore/framework/web/filters/CInlineFilter.php(59): CController->filterAccessControl(Object(CFilterChain))
#15 /Users/lopezl/Sites/pmcore/framework/web/filters/CFilterChain.php(131): CInlineFilter->filter(Object(CFilterChain))
#16 /Users/lopezl/Sites/pmcore/framework/web/CController.php(292): CFilterChain->run()
#17 /Users/lopezl/Sites/pmcore/framework/web/CController.php(266): CController->runActionWithFilters(Object(CInlineAction), Array)
#18 /Users/lopezl/Sites/pmcore/framework/web/CWebApplication.php(283): CController->run('')
#19 /Users/lopezl/Sites/pmcore/framework/web/CWebApplication.php(142): CWebApplication->runController('')
#20 /Users/lopezl/Sites/pmcore/framework/base/CApplication.php(162): CWebApplication->processRequest()
#21 /Users/lopezl/Sites/pmcore/index.php(13): CApplication->run()
#22 {main}
REQUEST_URI=/
---
2012/10/25 14:57:10 [error] [exception.CException] exception 'CException' with message 'The asset "/Users/lopezl/Sites/pmcore/framework/zii/widgets/assets" to be published does not exist.' in /Users/lopezl/Sites/pmcore/framework/web/CAssetManager.php:255
Stack trace:
#0 /Users/lopezl/Sites/pmcore/framework/zii/widgets/CListView.php(188): CAssetManager->publish('/Users/lopezl/S...')
#1 /Users/lopezl/Sites/pmcore/framework/web/CBaseController.php(148): CListView->init()
#2 /Users/lopezl/Sites/pmcore/framework/web/CBaseController.php(173): CBaseController->createWidget('zii.widgets.CLi...', Array)
#3 /Users/lopezl/Sites/pmcore/protected/views/advertiser/index.php(37): CBaseController->widget('zii.widgets.CLi...', Array)
#4 /Users/lopezl/Sites/pmcore/framework/web/CBaseController.php(127): require('/Users/lopezl/S...')
#5 /Users/lopezl/Sites/pmcore/framework/web/CBaseController.php(96): CBaseController->renderInternal('/Users/lopezl/S...', Array, true)
#6 /Users/lopezl/Sites/pmcore/framework/web/CController.php(870): CBaseController->renderFile('/Users/lopezl/S...', Array, true)
#7 /Users/lopezl/Sites/pmcore/framework/web/CController.php(783): CController->renderPartial('index', Array, true)
#8 /Users/lopezl/Sites/pmcore/protected/controllers/AdvertiserController.php(142): CController->render('index', Array)
#9 /Users/lopezl/Sites/pmcore/framework/web/actions/CInlineAction.php(50): AdvertiserController->actionIndex()
#10 /Users/lopezl/Sites/pmcore/framework/web/CController.php(309): CInlineAction->runWithParams(Array)
#11 /Users/lopezl/Sites/pmcore/framework/web/filters/CFilterChain.php(134): CController->runAction(Object(CInlineAction))
#12 /Users/lopezl/Sites/pmcore/framework/web/filters/CFilter.php(41): CFilterChain->run()
#13 /Users/lopezl/Sites/pmcore/framework/web/CController.php(1146): CFilter->filter(Object(CFilterChain))
#14 /Users/lopezl/Sites/pmcore/framework/web/filters/CInlineFilter.php(59): CController->filterAccessControl(Object(CFilterChain))
#15 /Users/lopezl/Sites/pmcore/framework/web/filters/CFilterChain.php(131): CInlineFilter->filter(Object(CFilterChain))
#16 /Users/lopezl/Sites/pmcore/framework/web/CController.php(292): CFilterChain->run()
#17 /Users/lopezl/Sites/pmcore/framework/web/CController.php(266): CController->runActionWithFilters(Object(CInlineAction), Array)
#18 /Users/lopezl/Sites/pmcore/framework/web/CWebApplication.php(283): CController->run('')
#19 /Users/lopezl/Sites/pmcore/framework/web/CWebApplication.php(142): CWebApplication->runController('')
#20 /Users/lopezl/Sites/pmcore/framework/base/CApplication.php(162): CWebApplication->processRequest()
#21 /Users/lopezl/Sites/pmcore/index.php(13): CApplication->run()
#22 {main}
REQUEST_URI=/
---
2012/10/25 15:02:05 [error] [exception.CDbException] exception 'CDbException' with message 'CDbConnection failed to open the DB connection: SQLSTATE[28000] [1045] Access denied for user 'root'@'localhost' (using password: YES)' in /Users/lopezl/Sites/pmcore/framework/db/CDbConnection.php:382
Stack trace:
#0 /Users/lopezl/Sites/pmcore/framework/db/CDbConnection.php(331): CDbConnection->open()
#1 /Users/lopezl/Sites/pmcore/framework/db/CDbConnection.php(309): CDbConnection->setActive(true)
#2 /Users/lopezl/Sites/pmcore/framework/base/CModule.php(388): CDbConnection->init()
#3 /Users/lopezl/Sites/pmcore/framework/base/CApplication.php(431): CModule->getComponent('db')
#4 /Users/lopezl/Sites/pmcore/framework/db/ar/CActiveRecord.php(624): CApplication->getDb()
#5 /Users/lopezl/Sites/pmcore/framework/db/ar/CActiveRecord.php(2311): CActiveRecord->getDbConnection()
#6 /Users/lopezl/Sites/pmcore/framework/db/ar/CActiveRecord.php(388): CActiveRecordMetaData->__construct(Object(Advertiser))
#7 /Users/lopezl/Sites/pmcore/framework/web/CActiveDataProvider.php(75): CActiveRecord::model('Advertiser')
#8 /Users/lopezl/Sites/pmcore/protected/controllers/AdvertiserController.php(141): CActiveDataProvider->__construct('Advertiser', Array)
#9 /Users/lopezl/Sites/pmcore/framework/web/actions/CInlineAction.php(50): AdvertiserController->actionIndex()
#10 /Users/lopezl/Sites/pmcore/framework/web/CController.php(309): CInlineAction->runWithParams(Array)
#11 /Users/lopezl/Sites/pmcore/framework/web/filters/CFilterChain.php(134): CController->runAction(Object(CInlineAction))
#12 /Users/lopezl/Sites/pmcore/framework/web/filters/CFilter.php(41): CFilterChain->run()
#13 /Users/lopezl/Sites/pmcore/framework/web/CController.php(1146): CFilter->filter(Object(CFilterChain))
#14 /Users/lopezl/Sites/pmcore/framework/web/filters/CInlineFilter.php(59): CController->filterAccessControl(Object(CFilterChain))
#15 /Users/lopezl/Sites/pmcore/framework/web/filters/CFilterChain.php(131): CInlineFilter->filter(Object(CFilterChain))
#16 /Users/lopezl/Sites/pmcore/framework/web/CController.php(292): CFilterChain->run()
#17 /Users/lopezl/Sites/pmcore/framework/web/CController.php(266): CController->runActionWithFilters(Object(CInlineAction), Array)
#18 /Users/lopezl/Sites/pmcore/framework/web/CWebApplication.php(283): CController->run('')
#19 /Users/lopezl/Sites/pmcore/framework/web/CWebApplication.php(142): CWebApplication->runController('')
#20 /Users/lopezl/Sites/pmcore/framework/base/CApplication.php(162): CWebApplication->processRequest()
#21 /Users/lopezl/Sites/pmcore/index.php(13): CApplication->run()
#22 {main}
REQUEST_URI=/
---
2012/10/25 15:03:57 [error] [exception.CDbException] exception 'CDbException' with message 'CDbConnection failed to open the DB connection: SQLSTATE[28000] [1045] Access denied for user 'root'@'localhost' (using password: YES)' in /Users/lopezl/Sites/pmcore/framework/db/CDbConnection.php:382
Stack trace:
#0 /Users/lopezl/Sites/pmcore/framework/db/CDbConnection.php(331): CDbConnection->open()
#1 /Users/lopezl/Sites/pmcore/framework/db/CDbConnection.php(309): CDbConnection->setActive(true)
#2 /Users/lopezl/Sites/pmcore/framework/base/CModule.php(388): CDbConnection->init()
#3 /Users/lopezl/Sites/pmcore/framework/base/CApplication.php(431): CModule->getComponent('db')
#4 /Users/lopezl/Sites/pmcore/framework/db/ar/CActiveRecord.php(624): CApplication->getDb()
#5 /Users/lopezl/Sites/pmcore/framework/db/ar/CActiveRecord.php(2311): CActiveRecord->getDbConnection()
#6 /Users/lopezl/Sites/pmcore/framework/db/ar/CActiveRecord.php(388): CActiveRecordMetaData->__construct(Object(Advertiser))
#7 /Users/lopezl/Sites/pmcore/framework/web/CActiveDataProvider.php(75): CActiveRecord::model('Advertiser')
#8 /Users/lopezl/Sites/pmcore/protected/controllers/AdvertiserController.php(141): CActiveDataProvider->__construct('Advertiser', Array)
#9 /Users/lopezl/Sites/pmcore/framework/web/actions/CInlineAction.php(50): AdvertiserController->actionIndex()
#10 /Users/lopezl/Sites/pmcore/framework/web/CController.php(309): CInlineAction->runWithParams(Array)
#11 /Users/lopezl/Sites/pmcore/framework/web/filters/CFilterChain.php(134): CController->runAction(Object(CInlineAction))
#12 /Users/lopezl/Sites/pmcore/framework/web/filters/CFilter.php(41): CFilterChain->run()
#13 /Users/lopezl/Sites/pmcore/framework/web/CController.php(1146): CFilter->filter(Object(CFilterChain))
#14 /Users/lopezl/Sites/pmcore/framework/web/filters/CInlineFilter.php(59): CController->filterAccessControl(Object(CFilterChain))
#15 /Users/lopezl/Sites/pmcore/framework/web/filters/CFilterChain.php(131): CInlineFilter->filter(Object(CFilterChain))
#16 /Users/lopezl/Sites/pmcore/framework/web/CController.php(292): CFilterChain->run()
#17 /Users/lopezl/Sites/pmcore/framework/web/CController.php(266): CController->runActionWithFilters(Object(CInlineAction), Array)
#18 /Users/lopezl/Sites/pmcore/framework/web/CWebApplication.php(283): CController->run('')
#19 /Users/lopezl/Sites/pmcore/framework/web/CWebApplication.php(142): CWebApplication->runController('')
#20 /Users/lopezl/Sites/pmcore/framework/base/CApplication.php(162): CWebApplication->processRequest()
#21 /Users/lopezl/Sites/pmcore/index.php(13): CApplication->run()
#22 {main}
REQUEST_URI=/
HTTP_REFERER=http://pmcore.dev/site/login
---
2012/10/25 15:04:43 [error] [exception.CException] exception 'CException' with message 'The asset "/Users/lopezl/Sites/pmcore/framework/zii/widgets/assets" to be published does not exist.' in /Users/lopezl/Sites/pmcore/framework/web/CAssetManager.php:255
Stack trace:
#0 /Users/lopezl/Sites/pmcore/framework/zii/widgets/CListView.php(188): CAssetManager->publish('/Users/lopezl/S...')
#1 /Users/lopezl/Sites/pmcore/framework/web/CBaseController.php(148): CListView->init()
#2 /Users/lopezl/Sites/pmcore/framework/web/CBaseController.php(173): CBaseController->createWidget('zii.widgets.CLi...', Array)
#3 /Users/lopezl/Sites/pmcore/protected/views/advertiser/index.php(37): CBaseController->widget('zii.widgets.CLi...', Array)
#4 /Users/lopezl/Sites/pmcore/framework/web/CBaseController.php(127): require('/Users/lopezl/S...')
#5 /Users/lopezl/Sites/pmcore/framework/web/CBaseController.php(96): CBaseController->renderInternal('/Users/lopezl/S...', Array, true)
#6 /Users/lopezl/Sites/pmcore/framework/web/CController.php(870): CBaseController->renderFile('/Users/lopezl/S...', Array, true)
#7 /Users/lopezl/Sites/pmcore/framework/web/CController.php(783): CController->renderPartial('index', Array, true)
#8 /Users/lopezl/Sites/pmcore/protected/controllers/AdvertiserController.php(142): CController->render('index', Array)
#9 /Users/lopezl/Sites/pmcore/framework/web/actions/CInlineAction.php(50): AdvertiserController->actionIndex()
#10 /Users/lopezl/Sites/pmcore/framework/web/CController.php(309): CInlineAction->runWithParams(Array)
#11 /Users/lopezl/Sites/pmcore/framework/web/filters/CFilterChain.php(134): CController->runAction(Object(CInlineAction))
#12 /Users/lopezl/Sites/pmcore/framework/web/filters/CFilter.php(41): CFilterChain->run()
#13 /Users/lopezl/Sites/pmcore/framework/web/CController.php(1146): CFilter->filter(Object(CFilterChain))
#14 /Users/lopezl/Sites/pmcore/framework/web/filters/CInlineFilter.php(59): CController->filterAccessControl(Object(CFilterChain))
#15 /Users/lopezl/Sites/pmcore/framework/web/filters/CFilterChain.php(131): CInlineFilter->filter(Object(CFilterChain))
#16 /Users/lopezl/Sites/pmcore/framework/web/CController.php(292): CFilterChain->run()
#17 /Users/lopezl/Sites/pmcore/framework/web/CController.php(266): CController->runActionWithFilters(Object(CInlineAction), Array)
#18 /Users/lopezl/Sites/pmcore/framework/web/CWebApplication.php(283): CController->run('')
#19 /Users/lopezl/Sites/pmcore/framework/web/CWebApplication.php(142): CWebApplication->runController('')
#20 /Users/lopezl/Sites/pmcore/framework/base/CApplication.php(162): CWebApplication->processRequest()
#21 /Users/lopezl/Sites/pmcore/index.php(13): CApplication->run()
#22 {main}
REQUEST_URI=/
HTTP_REFERER=http://pmcore.dev/site/login
---
2012/10/25 15:37:06 [error] [exception.CException] exception 'CException' with message 'Property "CActiveDataProvider.cam" is not defined.' in /Users/lopezl/Sites/pmcore/framework/base/CComponent.php:131
Stack trace:
#0 /Users/lopezl/Sites/pmcore/protected/views/advertiser/index.php(42): CComponent->__get('cam')
#1 /Users/lopezl/Sites/pmcore/framework/web/CBaseController.php(127): require('/Users/lopezl/S...')
#2 /Users/lopezl/Sites/pmcore/framework/web/CBaseController.php(96): CBaseController->renderInternal('/Users/lopezl/S...', Array, true)
#3 /Users/lopezl/Sites/pmcore/framework/web/CController.php(870): CBaseController->renderFile('/Users/lopezl/S...', Array, true)
#4 /Users/lopezl/Sites/pmcore/framework/web/CController.php(783): CController->renderPartial('index', Array, true)
#5 /Users/lopezl/Sites/pmcore/protected/controllers/AdvertiserController.php(142): CController->render('index', Array)
#6 /Users/lopezl/Sites/pmcore/framework/web/actions/CInlineAction.php(50): AdvertiserController->actionIndex()
#7 /Users/lopezl/Sites/pmcore/framework/web/CController.php(309): CInlineAction->runWithParams(Array)
#8 /Users/lopezl/Sites/pmcore/framework/web/filters/CFilterChain.php(134): CController->runAction(Object(CInlineAction))
#9 /Users/lopezl/Sites/pmcore/framework/web/filters/CFilter.php(41): CFilterChain->run()
#10 /Users/lopezl/Sites/pmcore/framework/web/CController.php(1146): CFilter->filter(Object(CFilterChain))
#11 /Users/lopezl/Sites/pmcore/framework/web/filters/CInlineFilter.php(59): CController->filterAccessControl(Object(CFilterChain))
#12 /Users/lopezl/Sites/pmcore/framework/web/filters/CFilterChain.php(131): CInlineFilter->filter(Object(CFilterChain))
#13 /Users/lopezl/Sites/pmcore/framework/web/CController.php(292): CFilterChain->run()
#14 /Users/lopezl/Sites/pmcore/framework/web/CController.php(266): CController->runActionWithFilters(Object(CInlineAction), Array)
#15 /Users/lopezl/Sites/pmcore/framework/web/CWebApplication.php(283): CController->run('')
#16 /Users/lopezl/Sites/pmcore/framework/web/CWebApplication.php(142): CWebApplication->runController('')
#17 /Users/lopezl/Sites/pmcore/framework/base/CApplication.php(162): CWebApplication->processRequest()
#18 /Users/lopezl/Sites/pmcore/index.php(13): CApplication->run()
#19 {main}
REQUEST_URI=/
HTTP_REFERER=http://pmcore.dev/site/login
---
2012/10/25 15:38:51 [error] [php] Undefined variable: dataProvider (/Users/lopezl/Sites/pmcore/protected/views/advertiser/_loadCampColumn.php:3)
Stack trace:
#0 /Users/lopezl/Sites/pmcore/framework/web/CController.php(870): AdvertiserController->renderFile()
#1 /Users/lopezl/Sites/pmcore/protected/controllers/AdvertiserController.php(150): AdvertiserController->renderPartial()
#2 /Users/lopezl/Sites/pmcore/framework/web/actions/CInlineAction.php(50): AdvertiserController->actionShowCampaignColumn()
#3 /Users/lopezl/Sites/pmcore/framework/web/CController.php(309): CInlineAction->runWithParams()
#4 /Users/lopezl/Sites/pmcore/framework/web/filters/CFilterChain.php(134): AdvertiserController->runAction()
#5 /Users/lopezl/Sites/pmcore/framework/web/filters/CFilter.php(41): CFilterChain->run()
#6 /Users/lopezl/Sites/pmcore/framework/web/CController.php(1146): CAccessControlFilter->filter()
#7 /Users/lopezl/Sites/pmcore/framework/web/filters/CInlineFilter.php(59): AdvertiserController->filterAccessControl()
#8 /Users/lopezl/Sites/pmcore/framework/web/filters/CFilterChain.php(131): CInlineFilter->filter()
#9 /Users/lopezl/Sites/pmcore/framework/web/CController.php(292): CFilterChain->run()
#10 /Users/lopezl/Sites/pmcore/framework/web/CController.php(266): AdvertiserController->runActionWithFilters()
#11 /Users/lopezl/Sites/pmcore/framework/web/CWebApplication.php(283): AdvertiserController->run()
#12 /Users/lopezl/Sites/pmcore/framework/web/CWebApplication.php(142): CWebApplication->runController()
#13 /Users/lopezl/Sites/pmcore/framework/base/CApplication.php(162): CWebApplication->processRequest()
#14 /Users/lopezl/Sites/pmcore/index.php(13): CWebApplication->run()
REQUEST_URI=/Advertiser/showCampaignColumn?_=1351193931447
in /Users/lopezl/Sites/pmcore/protected/views/advertiser/_loadCampColumn.php (3)
in /Users/lopezl/Sites/pmcore/protected/controllers/AdvertiserController.php (150)
in /Users/lopezl/Sites/pmcore/index.php (13)
2012/10/25 15:38:52 [error] [php] Undefined variable: dataProvider (/Users/lopezl/Sites/pmcore/protected/views/advertiser/_loadCampColumn.php:3)
Stack trace:
#0 /Users/lopezl/Sites/pmcore/framework/web/CController.php(870): AdvertiserController->renderFile()
#1 /Users/lopezl/Sites/pmcore/protected/controllers/AdvertiserController.php(150): AdvertiserController->renderPartial()
#2 /Users/lopezl/Sites/pmcore/framework/web/actions/CInlineAction.php(50): AdvertiserController->actionShowCampaignColumn()
#3 /Users/lopezl/Sites/pmcore/framework/web/CController.php(309): CInlineAction->runWithParams()
#4 /Users/lopezl/Sites/pmcore/framework/web/filters/CFilterChain.php(134): AdvertiserController->runAction()
#5 /Users/lopezl/Sites/pmcore/framework/web/filters/CFilter.php(41): CFilterChain->run()
#6 /Users/lopezl/Sites/pmcore/framework/web/CController.php(1146): CAccessControlFilter->filter()
#7 /Users/lopezl/Sites/pmcore/framework/web/filters/CInlineFilter.php(59): AdvertiserController->filterAccessControl()
#8 /Users/lopezl/Sites/pmcore/framework/web/filters/CFilterChain.php(131): CInlineFilter->filter()
#9 /Users/lopezl/Sites/pmcore/framework/web/CController.php(292): CFilterChain->run()
#10 /Users/lopezl/Sites/pmcore/framework/web/CController.php(266): AdvertiserController->runActionWithFilters()
#11 /Users/lopezl/Sites/pmcore/framework/web/CWebApplication.php(283): AdvertiserController->run()
#12 /Users/lopezl/Sites/pmcore/framework/web/CWebApplication.php(142): CWebApplication->runController()
#13 /Users/lopezl/Sites/pmcore/framework/base/CApplication.php(162): CWebApplication->processRequest()
#14 /Users/lopezl/Sites/pmcore/index.php(13): CWebApplication->run()
REQUEST_URI=/Advertiser/showCampaignColumn?_=1351193932115
in /Users/lopezl/Sites/pmcore/protected/views/advertiser/_loadCampColumn.php (3)
in /Users/lopezl/Sites/pmcore/protected/controllers/AdvertiserController.php (150)
in /Users/lopezl/Sites/pmcore/index.php (13)
2012/10/25 16:17:35 [error] [php] Undefined variable: dataProvider (/Users/lopezl/Sites/pmcore/protected/views/advertiser/_loadCampColumn.php:3)
Stack trace:
#0 /Users/lopezl/Sites/pmcore/framework/web/CController.php(870): AdvertiserController->renderFile()
#1 /Users/lopezl/Sites/pmcore/protected/views/advertiser/index.php(43): AdvertiserController->renderPartial()
#2 /Users/lopezl/Sites/pmcore/framework/web/CBaseController.php(127): require()
#3 /Users/lopezl/Sites/pmcore/framework/web/CBaseController.php(96): AdvertiserController->renderInternal()
#4 /Users/lopezl/Sites/pmcore/framework/web/CController.php(870): AdvertiserController->renderFile()
#5 /Users/lopezl/Sites/pmcore/framework/web/CController.php(783): AdvertiserController->renderPartial()
#6 /Users/lopezl/Sites/pmcore/protected/controllers/AdvertiserController.php(145): AdvertiserController->render()
#7 /Users/lopezl/Sites/pmcore/framework/web/actions/CInlineAction.php(50): AdvertiserController->actionIndex()
#8 /Users/lopezl/Sites/pmcore/framework/web/CController.php(309): CInlineAction->runWithParams()
#9 /Users/lopezl/Sites/pmcore/framework/web/filters/CFilterChain.php(134): AdvertiserController->runAction()
#10 /Users/lopezl/Sites/pmcore/framework/web/filters/CFilter.php(41): CFilterChain->run()
#11 /Users/lopezl/Sites/pmcore/framework/web/CController.php(1146): CAccessControlFilter->filter()
#12 /Users/lopezl/Sites/pmcore/framework/web/filters/CInlineFilter.php(59): AdvertiserController->filterAccessControl()
#13 /Users/lopezl/Sites/pmcore/framework/web/filters/CFilterChain.php(131): CInlineFilter->filter()
#14 /Users/lopezl/Sites/pmcore/framework/web/CController.php(292): CFilterChain->run()
#15 /Users/lopezl/Sites/pmcore/framework/web/CController.php(266): AdvertiserController->runActionWithFilters()
#16 /Users/lopezl/Sites/pmcore/framework/web/CWebApplication.php(283): AdvertiserController->run()
#17 /Users/lopezl/Sites/pmcore/framework/web/CWebApplication.php(142): CWebApplication->runController()
#18 /Users/lopezl/Sites/pmcore/framework/base/CApplication.php(162): CWebApplication->processRequest()
#19 /Users/lopezl/Sites/pmcore/index.php(13): CWebApplication->run()
REQUEST_URI=/advertiser/index
in /Users/lopezl/Sites/pmcore/protected/views/advertiser/_loadCampColumn.php (3)
in /Users/lopezl/Sites/pmcore/protected/views/advertiser/index.php (43)
in /Users/lopezl/Sites/pmcore/protected/controllers/AdvertiserController.php (145)
2012/10/25 16:19:10 [error] [php] Undefined variable: myValue (/Users/lopezl/Sites/pmcore/protected/views/advertiser/_loadCampColumn.php:2)
Stack trace:
#0 /Users/lopezl/Sites/pmcore/framework/web/CController.php(870): AdvertiserController->renderFile()
#1 /Users/lopezl/Sites/pmcore/protected/views/advertiser/index.php(43): AdvertiserController->renderPartial()
#2 /Users/lopezl/Sites/pmcore/framework/web/CBaseController.php(127): require()
#3 /Users/lopezl/Sites/pmcore/framework/web/CBaseController.php(96): AdvertiserController->renderInternal()
#4 /Users/lopezl/Sites/pmcore/framework/web/CController.php(870): AdvertiserController->renderFile()
#5 /Users/lopezl/Sites/pmcore/framework/web/CController.php(783): AdvertiserController->renderPartial()
#6 /Users/lopezl/Sites/pmcore/protected/controllers/AdvertiserController.php(145): AdvertiserController->render()
#7 /Users/lopezl/Sites/pmcore/framework/web/actions/CInlineAction.php(50): AdvertiserController->actionIndex()
#8 /Users/lopezl/Sites/pmcore/framework/web/CController.php(309): CInlineAction->runWithParams()
#9 /Users/lopezl/Sites/pmcore/framework/web/filters/CFilterChain.php(134): AdvertiserController->runAction()
#10 /Users/lopezl/Sites/pmcore/framework/web/filters/CFilter.php(41): CFilterChain->run()
#11 /Users/lopezl/Sites/pmcore/framework/web/CController.php(1146): CAccessControlFilter->filter()
#12 /Users/lopezl/Sites/pmcore/framework/web/filters/CInlineFilter.php(59): AdvertiserController->filterAccessControl()
#13 /Users/lopezl/Sites/pmcore/framework/web/filters/CFilterChain.php(131): CInlineFilter->filter()
#14 /Users/lopezl/Sites/pmcore/framework/web/CController.php(292): CFilterChain->run()
#15 /Users/lopezl/Sites/pmcore/framework/web/CController.php(266): AdvertiserController->runActionWithFilters()
#16 /Users/lopezl/Sites/pmcore/framework/web/CWebApplication.php(283): AdvertiserController->run()
#17 /Users/lopezl/Sites/pmcore/framework/web/CWebApplication.php(142): CWebApplication->runController()
#18 /Users/lopezl/Sites/pmcore/framework/base/CApplication.php(162): CWebApplication->processRequest()
#19 /Users/lopezl/Sites/pmcore/index.php(13): CWebApplication->run()
REQUEST_URI=/advertiser/index
in /Users/lopezl/Sites/pmcore/protected/views/advertiser/_loadCampColumn.php (2)
in /Users/lopezl/Sites/pmcore/protected/views/advertiser/index.php (43)
in /Users/lopezl/Sites/pmcore/protected/controllers/AdvertiserController.php (145)
2012/10/25 16:19:33 [error] [php] Undefined variable: myGoodie (/Users/lopezl/Sites/pmcore/protected/views/advertiser/_loadCampColumn.php:2)
Stack trace:
#0 /Users/lopezl/Sites/pmcore/framework/web/CController.php(870): AdvertiserController->renderFile()
#1 /Users/lopezl/Sites/pmcore/protected/controllers/AdvertiserController.php(157): AdvertiserController->renderPartial()
#2 /Users/lopezl/Sites/pmcore/framework/web/actions/CInlineAction.php(50): AdvertiserController->actionShowCampaignColumn()
#3 /Users/lopezl/Sites/pmcore/framework/web/CController.php(309): CInlineAction->runWithParams()
#4 /Users/lopezl/Sites/pmcore/framework/web/filters/CFilterChain.php(134): AdvertiserController->runAction()
#5 /Users/lopezl/Sites/pmcore/framework/web/filters/CFilter.php(41): CFilterChain->run()
#6 /Users/lopezl/Sites/pmcore/framework/web/CController.php(1146): CAccessControlFilter->filter()
#7 /Users/lopezl/Sites/pmcore/framework/web/filters/CInlineFilter.php(59): AdvertiserController->filterAccessControl()
#8 /Users/lopezl/Sites/pmcore/framework/web/filters/CFilterChain.php(131): CInlineFilter->filter()
#9 /Users/lopezl/Sites/pmcore/framework/web/CController.php(292): CFilterChain->run()
#10 /Users/lopezl/Sites/pmcore/framework/web/CController.php(266): AdvertiserController->runActionWithFilters()
#11 /Users/lopezl/Sites/pmcore/framework/web/CWebApplication.php(283): AdvertiserController->run()
#12 /Users/lopezl/Sites/pmcore/framework/web/CWebApplication.php(142): CWebApplication->runController()
#13 /Users/lopezl/Sites/pmcore/framework/base/CApplication.php(162): CWebApplication->processRequest()
#14 /Users/lopezl/Sites/pmcore/index.php(13): CWebApplication->run()
REQUEST_URI=/Advertiser/showCampaignColumn?_=1351196373311
in /Users/lopezl/Sites/pmcore/protected/views/advertiser/_loadCampColumn.php (2)
in /Users/lopezl/Sites/pmcore/protected/controllers/AdvertiserController.php (157)
in /Users/lopezl/Sites/pmcore/index.php (13)
2012/10/25 16:19:34 [error] [php] Undefined variable: myGoodie (/Users/lopezl/Sites/pmcore/protected/views/advertiser/_loadCampColumn.php:2)
Stack trace:
#0 /Users/lopezl/Sites/pmcore/framework/web/CController.php(870): AdvertiserController->renderFile()
#1 /Users/lopezl/Sites/pmcore/protected/controllers/AdvertiserController.php(157): AdvertiserController->renderPartial()
#2 /Users/lopezl/Sites/pmcore/framework/web/actions/CInlineAction.php(50): AdvertiserController->actionShowCampaignColumn()
#3 /Users/lopezl/Sites/pmcore/framework/web/CController.php(309): CInlineAction->runWithParams()
#4 /Users/lopezl/Sites/pmcore/framework/web/filters/CFilterChain.php(134): AdvertiserController->runAction()
#5 /Users/lopezl/Sites/pmcore/framework/web/filters/CFilter.php(41): CFilterChain->run()
#6 /Users/lopezl/Sites/pmcore/framework/web/CController.php(1146): CAccessControlFilter->filter()
#7 /Users/lopezl/Sites/pmcore/framework/web/filters/CInlineFilter.php(59): AdvertiserController->filterAccessControl()
#8 /Users/lopezl/Sites/pmcore/framework/web/filters/CFilterChain.php(131): CInlineFilter->filter()
#9 /Users/lopezl/Sites/pmcore/framework/web/CController.php(292): CFilterChain->run()
#10 /Users/lopezl/Sites/pmcore/framework/web/CController.php(266): AdvertiserController->runActionWithFilters()
#11 /Users/lopezl/Sites/pmcore/framework/web/CWebApplication.php(283): AdvertiserController->run()
#12 /Users/lopezl/Sites/pmcore/framework/web/CWebApplication.php(142): CWebApplication->runController()
#13 /Users/lopezl/Sites/pmcore/framework/base/CApplication.php(162): CWebApplication->processRequest()
#14 /Users/lopezl/Sites/pmcore/index.php(13): CWebApplication->run()
REQUEST_URI=/Advertiser/showCampaignColumn?_=1351196374141
in /Users/lopezl/Sites/pmcore/protected/views/advertiser/_loadCampColumn.php (2)
in /Users/lopezl/Sites/pmcore/protected/controllers/AdvertiserController.php (157)
in /Users/lopezl/Sites/pmcore/index.php (13)
2012/10/25 16:19:34 [error] [php] Undefined variable: myGoodie (/Users/lopezl/Sites/pmcore/protected/views/advertiser/_loadCampColumn.php:2)
Stack trace:
#0 /Users/lopezl/Sites/pmcore/framework/web/CController.php(870): AdvertiserController->renderFile()
#1 /Users/lopezl/Sites/pmcore/protected/controllers/AdvertiserController.php(157): AdvertiserController->renderPartial()
#2 /Users/lopezl/Sites/pmcore/framework/web/actions/CInlineAction.php(50): AdvertiserController->actionShowCampaignColumn()
#3 /Users/lopezl/Sites/pmcore/framework/web/CController.php(309): CInlineAction->runWithParams()
#4 /Users/lopezl/Sites/pmcore/framework/web/filters/CFilterChain.php(134): AdvertiserController->runAction()
#5 /Users/lopezl/Sites/pmcore/framework/web/filters/CFilter.php(41): CFilterChain->run()
#6 /Users/lopezl/Sites/pmcore/framework/web/CController.php(1146): CAccessControlFilter->filter()
#7 /Users/lopezl/Sites/pmcore/framework/web/filters/CInlineFilter.php(59): AdvertiserController->filterAccessControl()
#8 /Users/lopezl/Sites/pmcore/framework/web/filters/CFilterChain.php(131): CInlineFilter->filter()
#9 /Users/lopezl/Sites/pmcore/framework/web/CController.php(292): CFilterChain->run()
#10 /Users/lopezl/Sites/pmcore/framework/web/CController.php(266): AdvertiserController->runActionWithFilters()
#11 /Users/lopezl/Sites/pmcore/framework/web/CWebApplication.php(283): AdvertiserController->run()
#12 /Users/lopezl/Sites/pmcore/framework/web/CWebApplication.php(142): CWebApplication->runController()
#13 /Users/lopezl/Sites/pmcore/framework/base/CApplication.php(162): CWebApplication->processRequest()
#14 /Users/lopezl/Sites/pmcore/index.php(13): CWebApplication->run()
REQUEST_URI=/Advertiser/showCampaignColumn?_=1351196374701
in /Users/lopezl/Sites/pmcore/protected/views/advertiser/_loadCampColumn.php (2)
in /Users/lopezl/Sites/pmcore/protected/controllers/AdvertiserController.php (157)
in /Users/lopezl/Sites/pmcore/index.php (13)
2012/10/25 16:19:35 [error] [php] Undefined variable: myGoodie (/Users/lopezl/Sites/pmcore/protected/views/advertiser/_loadCampColumn.php:2)
Stack trace:
#0 /Users/lopezl/Sites/pmcore/framework/web/CController.php(870): AdvertiserController->renderFile()
#1 /Users/lopezl/Sites/pmcore/protected/controllers/AdvertiserController.php(157): AdvertiserController->renderPartial()
#2 /Users/lopezl/Sites/pmcore/framework/web/actions/CInlineAction.php(50): AdvertiserController->actionShowCampaignColumn()
#3 /Users/lopezl/Sites/pmcore/framework/web/CController.php(309): CInlineAction->runWithParams()
#4 /Users/lopezl/Sites/pmcore/framework/web/filters/CFilterChain.php(134): AdvertiserController->runAction()
#5 /Users/lopezl/Sites/pmcore/framework/web/filters/CFilter.php(41): CFilterChain->run()
#6 /Users/lopezl/Sites/pmcore/framework/web/CController.php(1146): CAccessControlFilter->filter()
#7 /Users/lopezl/Sites/pmcore/framework/web/filters/CInlineFilter.php(59): AdvertiserController->filterAccessControl()
#8 /Users/lopezl/Sites/pmcore/framework/web/filters/CFilterChain.php(131): CInlineFilter->filter()
#9 /Users/lopezl/Sites/pmcore/framework/web/CController.php(292): CFilterChain->run()
#10 /Users/lopezl/Sites/pmcore/framework/web/CController.php(266): AdvertiserController->runActionWithFilters()
#11 /Users/lopezl/Sites/pmcore/framework/web/CWebApplication.php(283): AdvertiserController->run()
#12 /Users/lopezl/Sites/pmcore/framework/web/CWebApplication.php(142): CWebApplication->runController()
#13 /Users/lopezl/Sites/pmcore/framework/base/CApplication.php(162): CWebApplication->processRequest()
#14 /Users/lopezl/Sites/pmcore/index.php(13): CWebApplication->run()
REQUEST_URI=/Advertiser/showCampaignColumn?_=1351196375021
in /Users/lopezl/Sites/pmcore/protected/views/advertiser/_loadCampColumn.php (2)
in /Users/lopezl/Sites/pmcore/protected/controllers/AdvertiserController.php (157)
in /Users/lopezl/Sites/pmcore/index.php (13)
2012/10/25 16:19:35 [error] [php] Undefined variable: myGoodie (/Users/lopezl/Sites/pmcore/protected/views/advertiser/_loadCampColumn.php:2)
Stack trace:
#0 /Users/lopezl/Sites/pmcore/framework/web/CController.php(870): AdvertiserController->renderFile()
#1 /Users/lopezl/Sites/pmcore/protected/controllers/AdvertiserController.php(157): AdvertiserController->renderPartial()
#2 /Users/lopezl/Sites/pmcore/framework/web/actions/CInlineAction.php(50): AdvertiserController->actionShowCampaignColumn()
#3 /Users/lopezl/Sites/pmcore/framework/web/CController.php(309): CInlineAction->runWithParams()
#4 /Users/lopezl/Sites/pmcore/framework/web/filters/CFilterChain.php(134): AdvertiserController->runAction()
#5 /Users/lopezl/Sites/pmcore/framework/web/filters/CFilter.php(41): CFilterChain->run()
#6 /Users/lopezl/Sites/pmcore/framework/web/CController.php(1146): CAccessControlFilter->filter()
#7 /Users/lopezl/Sites/pmcore/framework/web/filters/CInlineFilter.php(59): AdvertiserController->filterAccessControl()
#8 /Users/lopezl/Sites/pmcore/framework/web/filters/CFilterChain.php(131): CInlineFilter->filter()
#9 /Users/lopezl/Sites/pmcore/framework/web/CController.php(292): CFilterChain->run()
#10 /Users/lopezl/Sites/pmcore/framework/web/CController.php(266): AdvertiserController->runActionWithFilters()
#11 /Users/lopezl/Sites/pmcore/framework/web/CWebApplication.php(283): AdvertiserController->run()
#12 /Users/lopezl/Sites/pmcore/framework/web/CWebApplication.php(142): CWebApplication->runController()
#13 /Users/lopezl/Sites/pmcore/framework/base/CApplication.php(162): CWebApplication->processRequest()
#14 /Users/lopezl/Sites/pmcore/index.php(13): CWebApplication->run()
REQUEST_URI=/Advertiser/showCampaignColumn?_=1351196375325
in /Users/lopezl/Sites/pmcore/protected/views/advertiser/_loadCampColumn.php (2)
in /Users/lopezl/Sites/pmcore/protected/controllers/AdvertiserController.php (157)
in /Users/lopezl/Sites/pmcore/index.php (13)
2012/10/25 16:20:25 [error] [php] Undefined variable: myGoodie (/Users/lopezl/Sites/pmcore/protected/views/advertiser/_loadCampColumn.php:2)
Stack trace:
#0 /Users/lopezl/Sites/pmcore/framework/web/CController.php(870): AdvertiserController->renderFile()
#1 /Users/lopezl/Sites/pmcore/protected/controllers/AdvertiserController.php(157): AdvertiserController->renderPartial()
#2 /Users/lopezl/Sites/pmcore/framework/web/actions/CInlineAction.php(50): AdvertiserController->actionShowCampaignColumn()
#3 /Users/lopezl/Sites/pmcore/framework/web/CController.php(309): CInlineAction->runWithParams()
#4 /Users/lopezl/Sites/pmcore/framework/web/filters/CFilterChain.php(134): AdvertiserController->runAction()
#5 /Users/lopezl/Sites/pmcore/framework/web/filters/CFilter.php(41): CFilterChain->run()
#6 /Users/lopezl/Sites/pmcore/framework/web/CController.php(1146): CAccessControlFilter->filter()
#7 /Users/lopezl/Sites/pmcore/framework/web/filters/CInlineFilter.php(59): AdvertiserController->filterAccessControl()
#8 /Users/lopezl/Sites/pmcore/framework/web/filters/CFilterChain.php(131): CInlineFilter->filter()
#9 /Users/lopezl/Sites/pmcore/framework/web/CController.php(292): CFilterChain->run()
#10 /Users/lopezl/Sites/pmcore/framework/web/CController.php(266): AdvertiserController->runActionWithFilters()
#11 /Users/lopezl/Sites/pmcore/framework/web/CWebApplication.php(283): AdvertiserController->run()
#12 /Users/lopezl/Sites/pmcore/framework/web/CWebApplication.php(142): CWebApplication->runController()
#13 /Users/lopezl/Sites/pmcore/framework/base/CApplication.php(162): CWebApplication->processRequest()
#14 /Users/lopezl/Sites/pmcore/index.php(13): CWebApplication->run()
REQUEST_URI=/Advertiser/showCampaignColumn?_=1351196425037
in /Users/lopezl/Sites/pmcore/protected/views/advertiser/_loadCampColumn.php (2)
in /Users/lopezl/Sites/pmcore/protected/controllers/AdvertiserController.php (157)
in /Users/lopezl/Sites/pmcore/index.php (13)
2012/10/25 16:20:25 [error] [php] Undefined variable: myGoodie (/Users/lopezl/Sites/pmcore/protected/views/advertiser/_loadCampColumn.php:2)
Stack trace:
#0 /Users/lopezl/Sites/pmcore/framework/web/CController.php(870): AdvertiserController->renderFile()
#1 /Users/lopezl/Sites/pmcore/protected/controllers/AdvertiserController.php(157): AdvertiserController->renderPartial()
#2 /Users/lopezl/Sites/pmcore/framework/web/actions/CInlineAction.php(50): AdvertiserController->actionShowCampaignColumn()
#3 /Users/lopezl/Sites/pmcore/framework/web/CController.php(309): CInlineAction->runWithParams()
#4 /Users/lopezl/Sites/pmcore/framework/web/filters/CFilterChain.php(134): AdvertiserController->runAction()
#5 /Users/lopezl/Sites/pmcore/framework/web/filters/CFilter.php(41): CFilterChain->run()
#6 /Users/lopezl/Sites/pmcore/framework/web/CController.php(1146): CAccessControlFilter->filter()
#7 /Users/lopezl/Sites/pmcore/framework/web/filters/CInlineFilter.php(59): AdvertiserController->filterAccessControl()
#8 /Users/lopezl/Sites/pmcore/framework/web/filters/CFilterChain.php(131): CInlineFilter->filter()
#9 /Users/lopezl/Sites/pmcore/framework/web/CController.php(292): CFilterChain->run()
#10 /Users/lopezl/Sites/pmcore/framework/web/CController.php(266): AdvertiserController->runActionWithFilters()
#11 /Users/lopezl/Sites/pmcore/framework/web/CWebApplication.php(283): AdvertiserController->run()
#12 /Users/lopezl/Sites/pmcore/framework/web/CWebApplication.php(142): CWebApplication->runController()
#13 /Users/lopezl/Sites/pmcore/framework/base/CApplication.php(162): CWebApplication->processRequest()
#14 /Users/lopezl/Sites/pmcore/index.php(13): CWebApplication->run()
REQUEST_URI=/Advertiser/showCampaignColumn?_=1351196425597
in /Users/lopezl/Sites/pmcore/protected/views/advertiser/_loadCampColumn.php (2)
in /Users/lopezl/Sites/pmcore/protected/controllers/AdvertiserController.php (157)
in /Users/lopezl/Sites/pmcore/index.php (13)
2012/10/25 16:20:26 [error] [php] Undefined variable: myGoodie (/Users/lopezl/Sites/pmcore/protected/views/advertiser/_loadCampColumn.php:2)
Stack trace:
#0 /Users/lopezl/Sites/pmcore/framework/web/CController.php(870): AdvertiserController->renderFile()
#1 /Users/lopezl/Sites/pmcore/protected/controllers/AdvertiserController.php(157): AdvertiserController->renderPartial()
#2 /Users/lopezl/Sites/pmcore/framework/web/actions/CInlineAction.php(50): AdvertiserController->actionShowCampaignColumn()
#3 /Users/lopezl/Sites/pmcore/framework/web/CController.php(309): CInlineAction->runWithParams()
#4 /Users/lopezl/Sites/pmcore/framework/web/filters/CFilterChain.php(134): AdvertiserController->runAction()
#5 /Users/lopezl/Sites/pmcore/framework/web/filters/CFilter.php(41): CFilterChain->run()
#6 /Users/lopezl/Sites/pmcore/framework/web/CController.php(1146): CAccessControlFilter->filter()
#7 /Users/lopezl/Sites/pmcore/framework/web/filters/CInlineFilter.php(59): AdvertiserController->filterAccessControl()
#8 /Users/lopezl/Sites/pmcore/framework/web/filters/CFilterChain.php(131): CInlineFilter->filter()
#9 /Users/lopezl/Sites/pmcore/framework/web/CController.php(292): CFilterChain->run()
#10 /Users/lopezl/Sites/pmcore/framework/web/CController.php(266): AdvertiserController->runActionWithFilters()
#11 /Users/lopezl/Sites/pmcore/framework/web/CWebApplication.php(283): AdvertiserController->run()
#12 /Users/lopezl/Sites/pmcore/framework/web/CWebApplication.php(142): CWebApplication->runController()
#13 /Users/lopezl/Sites/pmcore/framework/base/CApplication.php(162): CWebApplication->processRequest()
#14 /Users/lopezl/Sites/pmcore/index.php(13): CWebApplication->run()
REQUEST_URI=/Advertiser/showCampaignColumn?_=1351196426078
in /Users/lopezl/Sites/pmcore/protected/views/advertiser/_loadCampColumn.php (2)
in /Users/lopezl/Sites/pmcore/protected/controllers/AdvertiserController.php (157)
in /Users/lopezl/Sites/pmcore/index.php (13)
2012/10/25 16:25:29 [error] [php] Undefined variable: myGoodie (/Users/lopezl/Sites/pmcore/protected/views/advertiser/_loadCampColumn.php:2)
Stack trace:
#0 /Users/lopezl/Sites/pmcore/framework/web/CController.php(870): AdvertiserController->renderFile()
#1 /Users/lopezl/Sites/pmcore/protected/controllers/AdvertiserController.php(157): AdvertiserController->renderPartial()
#2 /Users/lopezl/Sites/pmcore/framework/web/actions/CInlineAction.php(50): AdvertiserController->actionShowCampaignColumn()
#3 /Users/lopezl/Sites/pmcore/framework/web/CController.php(309): CInlineAction->runWithParams()
#4 /Users/lopezl/Sites/pmcore/framework/web/filters/CFilterChain.php(134): AdvertiserController->runAction()
#5 /Users/lopezl/Sites/pmcore/framework/web/filters/CFilter.php(41): CFilterChain->run()
#6 /Users/lopezl/Sites/pmcore/framework/web/CController.php(1146): CAccessControlFilter->filter()
#7 /Users/lopezl/Sites/pmcore/framework/web/filters/CInlineFilter.php(59): AdvertiserController->filterAccessControl()
#8 /Users/lopezl/Sites/pmcore/framework/web/filters/CFilterChain.php(131): CInlineFilter->filter()
#9 /Users/lopezl/Sites/pmcore/framework/web/CController.php(292): CFilterChain->run()
#10 /Users/lopezl/Sites/pmcore/framework/web/CController.php(266): AdvertiserController->runActionWithFilters()
#11 /Users/lopezl/Sites/pmcore/framework/web/CWebApplication.php(283): AdvertiserController->run()
#12 /Users/lopezl/Sites/pmcore/framework/web/CWebApplication.php(142): CWebApplication->runController()
#13 /Users/lopezl/Sites/pmcore/framework/base/CApplication.php(162): CWebApplication->processRequest()
#14 /Users/lopezl/Sites/pmcore/index.php(13): CWebApplication->run()
REQUEST_URI=/Advertiser/showCampaignColumn?_=1351196729165
in /Users/lopezl/Sites/pmcore/protected/views/advertiser/_loadCampColumn.php (2)
in /Users/lopezl/Sites/pmcore/protected/controllers/AdvertiserController.php (157)
in /Users/lopezl/Sites/pmcore/index.php (13)
2012/10/25 17:12:42 [error] [php] strpos() expects parameter 1 to be string, array given (/Users/lopezl/Sites/pmcore/framework/web/CController.php:964)
Stack trace:
#0 /Users/lopezl/Sites/pmcore/framework/web/helpers/CHtml.php(1043): normalizeUrl()
#1 /Users/lopezl/Sites/pmcore/framework/web/helpers/CHtml.php(2059): ajax()
#2 /Users/lopezl/Sites/pmcore/framework/web/helpers/CHtml.php(987): clientChange()
#3 /Users/lopezl/Sites/pmcore/protected/views/advertiser/index.php(36): ajaxLink()
#4 /Users/lopezl/Sites/pmcore/framework/web/CBaseController.php(127): require()
#5 /Users/lopezl/Sites/pmcore/framework/web/CBaseController.php(96): AdvertiserController->renderInternal()
#6 /Users/lopezl/Sites/pmcore/framework/web/CController.php(870): AdvertiserController->renderFile()
#7 /Users/lopezl/Sites/pmcore/framework/web/CController.php(783): AdvertiserController->renderPartial()
#8 /Users/lopezl/Sites/pmcore/protected/controllers/AdvertiserController.php(145): AdvertiserController->render()
#9 /Users/lopezl/Sites/pmcore/framework/web/actions/CInlineAction.php(50): AdvertiserController->actionIndex()
#10 /Users/lopezl/Sites/pmcore/framework/web/CController.php(309): CInlineAction->runWithParams()
#11 /Users/lopezl/Sites/pmcore/framework/web/filters/CFilterChain.php(134): AdvertiserController->runAction()
#12 /Users/lopezl/Sites/pmcore/framework/web/filters/CFilter.php(41): CFilterChain->run()
#13 /Users/lopezl/Sites/pmcore/framework/web/CController.php(1146): CAccessControlFilter->filter()
#14 /Users/lopezl/Sites/pmcore/framework/web/filters/CInlineFilter.php(59): AdvertiserController->filterAccessControl()
#15 /Users/lopezl/Sites/pmcore/framework/web/filters/CFilterChain.php(131): CInlineFilter->filter()
#16 /Users/lopezl/Sites/pmcore/framework/web/CController.php(292): CFilterChain->run()
#17 /Users/lopezl/Sites/pmcore/framework/web/CController.php(266): AdvertiserController->runActionWithFilters()
#18 /Users/lopezl/Sites/pmcore/framework/web/CWebApplication.php(283): AdvertiserController->run()
#19 /Users/lopezl/Sites/pmcore/framework/web/CWebApplication.php(142): CWebApplication->runController()
#20 /Users/lopezl/Sites/pmcore/framework/base/CApplication.php(162): CWebApplication->processRequest()
#21 /Users/lopezl/Sites/pmcore/index.php(13): CWebApplication->run()
REQUEST_URI=/advertiser
in /Users/lopezl/Sites/pmcore/protected/views/advertiser/index.php (36)
in /Users/lopezl/Sites/pmcore/protected/controllers/AdvertiserController.php (145)
in /Users/lopezl/Sites/pmcore/index.php (13)
2012/10/25 22:54:03 [error] [php] trim() expects parameter 1 to be string, array given (/Users/lopezl/Sites/pmcore/framework/web/CUrlManager.php:295)
Stack trace:
#0 /Users/lopezl/Sites/pmcore/protected/views/advertiser/index.php(33): CWebApplication->createUrl()
#1 /Users/lopezl/Sites/pmcore/framework/web/CBaseController.php(127): require()
#2 /Users/lopezl/Sites/pmcore/framework/web/CBaseController.php(96): AdvertiserController->renderInternal()
#3 /Users/lopezl/Sites/pmcore/framework/web/CController.php(870): AdvertiserController->renderFile()
#4 /Users/lopezl/Sites/pmcore/framework/web/CController.php(783): AdvertiserController->renderPartial()
#5 /Users/lopezl/Sites/pmcore/protected/controllers/AdvertiserController.php(145): AdvertiserController->render()
#6 /Users/lopezl/Sites/pmcore/framework/web/actions/CInlineAction.php(50): AdvertiserController->actionIndex()
#7 /Users/lopezl/Sites/pmcore/framework/web/CController.php(309): CInlineAction->runWithParams()
#8 /Users/lopezl/Sites/pmcore/framework/web/filters/CFilterChain.php(134): AdvertiserController->runAction()
#9 /Users/lopezl/Sites/pmcore/framework/web/filters/CFilter.php(41): CFilterChain->run()
#10 /Users/lopezl/Sites/pmcore/framework/web/CController.php(1146): CAccessControlFilter->filter()
#11 /Users/lopezl/Sites/pmcore/framework/web/filters/CInlineFilter.php(59): AdvertiserController->filterAccessControl()
#12 /Users/lopezl/Sites/pmcore/framework/web/filters/CFilterChain.php(131): CInlineFilter->filter()
#13 /Users/lopezl/Sites/pmcore/framework/web/CController.php(292): CFilterChain->run()
#14 /Users/lopezl/Sites/pmcore/framework/web/CController.php(266): AdvertiserController->runActionWithFilters()
#15 /Users/lopezl/Sites/pmcore/framework/web/CWebApplication.php(283): AdvertiserController->run()
#16 /Users/lopezl/Sites/pmcore/framework/web/CWebApplication.php(142): CWebApplication->runController()
#17 /Users/lopezl/Sites/pmcore/framework/base/CApplication.php(162): CWebApplication->processRequest()
#18 /Users/lopezl/Sites/pmcore/index.php(13): CWebApplication->run()
REQUEST_URI=/advertiser
in /Users/lopezl/Sites/pmcore/protected/views/advertiser/index.php (33)
in /Users/lopezl/Sites/pmcore/protected/controllers/AdvertiserController.php (145)
in /Users/lopezl/Sites/pmcore/index.php (13)
2012/10/25 22:54:08 [error] [php] trim() expects parameter 1 to be string, array given (/Users/lopezl/Sites/pmcore/framework/web/CUrlManager.php:295)
Stack trace:
#0 /Users/lopezl/Sites/pmcore/protected/views/advertiser/index.php(33): CWebApplication->createUrl()
#1 /Users/lopezl/Sites/pmcore/framework/web/CBaseController.php(127): require()
#2 /Users/lopezl/Sites/pmcore/framework/web/CBaseController.php(96): AdvertiserController->renderInternal()
#3 /Users/lopezl/Sites/pmcore/framework/web/CController.php(870): AdvertiserController->renderFile()
#4 /Users/lopezl/Sites/pmcore/framework/web/CController.php(783): AdvertiserController->renderPartial()
#5 /Users/lopezl/Sites/pmcore/protected/controllers/AdvertiserController.php(145): AdvertiserController->render()
#6 /Users/lopezl/Sites/pmcore/framework/web/actions/CInlineAction.php(50): AdvertiserController->actionIndex()
#7 /Users/lopezl/Sites/pmcore/framework/web/CController.php(309): CInlineAction->runWithParams()
#8 /Users/lopezl/Sites/pmcore/framework/web/filters/CFilterChain.php(134): AdvertiserController->runAction()
#9 /Users/lopezl/Sites/pmcore/framework/web/filters/CFilter.php(41): CFilterChain->run()
#10 /Users/lopezl/Sites/pmcore/framework/web/CController.php(1146): CAccessControlFilter->filter()
#11 /Users/lopezl/Sites/pmcore/framework/web/filters/CInlineFilter.php(59): AdvertiserController->filterAccessControl()
#12 /Users/lopezl/Sites/pmcore/framework/web/filters/CFilterChain.php(131): CInlineFilter->filter()
#13 /Users/lopezl/Sites/pmcore/framework/web/CController.php(292): CFilterChain->run()
#14 /Users/lopezl/Sites/pmcore/framework/web/CController.php(266): AdvertiserController->runActionWithFilters()
#15 /Users/lopezl/Sites/pmcore/framework/web/CWebApplication.php(283): AdvertiserController->run()
#16 /Users/lopezl/Sites/pmcore/framework/web/CWebApplication.php(142): CWebApplication->runController()
#17 /Users/lopezl/Sites/pmcore/framework/base/CApplication.php(162): CWebApplication->processRequest()
#18 /Users/lopezl/Sites/pmcore/index.php(13): CWebApplication->run()
REQUEST_URI=/advertiser
in /Users/lopezl/Sites/pmcore/protected/views/advertiser/index.php (33)
in /Users/lopezl/Sites/pmcore/protected/controllers/AdvertiserController.php (145)
in /Users/lopezl/Sites/pmcore/index.php (13)
2012/10/25 22:54:10 [error] [php] trim() expects parameter 1 to be string, array given (/Users/lopezl/Sites/pmcore/framework/web/CUrlManager.php:295)
Stack trace:
#0 /Users/lopezl/Sites/pmcore/protected/views/advertiser/index.php(33): CWebApplication->createUrl()
#1 /Users/lopezl/Sites/pmcore/framework/web/CBaseController.php(127): require()
#2 /Users/lopezl/Sites/pmcore/framework/web/CBaseController.php(96): AdvertiserController->renderInternal()
#3 /Users/lopezl/Sites/pmcore/framework/web/CController.php(870): AdvertiserController->renderFile()
#4 /Users/lopezl/Sites/pmcore/framework/web/CController.php(783): AdvertiserController->renderPartial()
#5 /Users/lopezl/Sites/pmcore/protected/controllers/AdvertiserController.php(145): AdvertiserController->render()
#6 /Users/lopezl/Sites/pmcore/framework/web/actions/CInlineAction.php(50): AdvertiserController->actionIndex()
#7 /Users/lopezl/Sites/pmcore/framework/web/CController.php(309): CInlineAction->runWithParams()
#8 /Users/lopezl/Sites/pmcore/framework/web/filters/CFilterChain.php(134): AdvertiserController->runAction()
#9 /Users/lopezl/Sites/pmcore/framework/web/filters/CFilter.php(41): CFilterChain->run()
#10 /Users/lopezl/Sites/pmcore/framework/web/CController.php(1146): CAccessControlFilter->filter()
#11 /Users/lopezl/Sites/pmcore/framework/web/filters/CInlineFilter.php(59): AdvertiserController->filterAccessControl()
#12 /Users/lopezl/Sites/pmcore/framework/web/filters/CFilterChain.php(131): CInlineFilter->filter()
#13 /Users/lopezl/Sites/pmcore/framework/web/CController.php(292): CFilterChain->run()
#14 /Users/lopezl/Sites/pmcore/framework/web/CController.php(266): AdvertiserController->runActionWithFilters()
#15 /Users/lopezl/Sites/pmcore/framework/web/CWebApplication.php(283): AdvertiserController->run()
#16 /Users/lopezl/Sites/pmcore/framework/web/CWebApplication.php(142): CWebApplication->runController()
#17 /Users/lopezl/Sites/pmcore/framework/base/CApplication.php(162): CWebApplication->processRequest()
#18 /Users/lopezl/Sites/pmcore/index.php(13): CWebApplication->run()
REQUEST_URI=/advertiser
in /Users/lopezl/Sites/pmcore/protected/views/advertiser/index.php (33)
in /Users/lopezl/Sites/pmcore/protected/controllers/AdvertiserController.php (145)
in /Users/lopezl/Sites/pmcore/index.php (13)
2012/10/25 23:03:23 [error] [php] trim() expects parameter 1 to be string, array given (/Users/lopezl/Sites/pmcore/framework/web/CUrlManager.php:295)
Stack trace:
#0 /Users/lopezl/Sites/pmcore/protected/views/advertiser/_viewadvcolumn.php(7): CWebApplication->createUrl()
#1 /Users/lopezl/Sites/pmcore/framework/web/CBaseController.php(131): require()
#2 /Users/lopezl/Sites/pmcore/framework/web/CBaseController.php(96): AdvertiserController->renderInternal()
#3 /Users/lopezl/Sites/pmcore/framework/zii/widgets/CListView.php(260): AdvertiserController->renderFile()
#4 /Users/lopezl/Sites/pmcore/framework/zii/widgets/CBaseListView.php(161): CListView->renderItems()
#5 unknown(0): CListView->renderSection()
#6 /Users/lopezl/Sites/pmcore/framework/zii/widgets/CBaseListView.php(144): preg_replace_callback()
#7 /Users/lopezl/Sites/pmcore/framework/zii/widgets/CBaseListView.php(129): CListView->renderContent()
#8 /Users/lopezl/Sites/pmcore/framework/web/CBaseController.php(174): CListView->run()
#9 /Users/lopezl/Sites/pmcore/protected/views/advertiser/index.php(41): AdvertiserController->widget()
#10 /Users/lopezl/Sites/pmcore/framework/web/CBaseController.php(127): require()
#11 /Users/lopezl/Sites/pmcore/framework/web/CBaseController.php(96): AdvertiserController->renderInternal()
#12 /Users/lopezl/Sites/pmcore/framework/web/CController.php(870): AdvertiserController->renderFile()
#13 /Users/lopezl/Sites/pmcore/framework/web/CController.php(783): AdvertiserController->renderPartial()
#14 /Users/lopezl/Sites/pmcore/protected/controllers/AdvertiserController.php(145): AdvertiserController->render()
#15 /Users/lopezl/Sites/pmcore/framework/web/actions/CInlineAction.php(50): AdvertiserController->actionIndex()
#16 /Users/lopezl/Sites/pmcore/framework/web/CController.php(309): CInlineAction->runWithParams()
#17 /Users/lopezl/Sites/pmcore/framework/web/filters/CFilterChain.php(134): AdvertiserController->runAction()
#18 /Users/lopezl/Sites/pmcore/framework/web/filters/CFilter.php(41): CFilterChain->run()
#19 /Users/lopezl/Sites/pmcore/framework/web/CController.php(1146): CAccessControlFilter->filter()
#20 /Users/lopezl/Sites/pmcore/framework/web/filters/CInlineFilter.php(59): AdvertiserController->filterAccessControl()
#21 /Users/lopezl/Sites/pmcore/framework/web/filters/CFilterChain.php(131): CInlineFilter->filter()
#22 /Users/lopezl/Sites/pmcore/framework/web/CController.php(292): CFilterChain->run()
#23 /Users/lopezl/Sites/pmcore/framework/web/CController.php(266): AdvertiserController->runActionWithFilters()
#24 /Users/lopezl/Sites/pmcore/framework/web/CWebApplication.php(283): AdvertiserController->run()
#25 /Users/lopezl/Sites/pmcore/framework/web/CWebApplication.php(142): CWebApplication->runController()
#26 /Users/lopezl/Sites/pmcore/framework/base/CApplication.php(162): CWebApplication->processRequest()
#27 /Users/lopezl/Sites/pmcore/index.php(13): CWebApplication->run()
REQUEST_URI=/
in /Users/lopezl/Sites/pmcore/protected/views/advertiser/_viewadvcolumn.php (7)
in /Users/lopezl/Sites/pmcore/protected/views/advertiser/index.php (41)
in /Users/lopezl/Sites/pmcore/protected/controllers/AdvertiserController.php (145)
2012/10/25 23:03:54 [error] [php] trim() expects parameter 1 to be string, array given (/Users/lopezl/Sites/pmcore/framework/web/CUrlManager.php:295)
Stack trace:
#0 /Users/lopezl/Sites/pmcore/protected/views/advertiser/_viewadvcolumn.php(7): CWebApplication->createUrl()
#1 /Users/lopezl/Sites/pmcore/framework/web/CBaseController.php(131): require()
#2 /Users/lopezl/Sites/pmcore/framework/web/CBaseController.php(96): AdvertiserController->renderInternal()
#3 /Users/lopezl/Sites/pmcore/framework/zii/widgets/CListView.php(260): AdvertiserController->renderFile()
#4 /Users/lopezl/Sites/pmcore/framework/zii/widgets/CBaseListView.php(161): CListView->renderItems()
#5 unknown(0): CListView->renderSection()
#6 /Users/lopezl/Sites/pmcore/framework/zii/widgets/CBaseListView.php(144): preg_replace_callback()
#7 /Users/lopezl/Sites/pmcore/framework/zii/widgets/CBaseListView.php(129): CListView->renderContent()
#8 /Users/lopezl/Sites/pmcore/framework/web/CBaseController.php(174): CListView->run()
#9 /Users/lopezl/Sites/pmcore/protected/views/advertiser/index.php(41): AdvertiserController->widget()
#10 /Users/lopezl/Sites/pmcore/framework/web/CBaseController.php(127): require()
#11 /Users/lopezl/Sites/pmcore/framework/web/CBaseController.php(96): AdvertiserController->renderInternal()
#12 /Users/lopezl/Sites/pmcore/framework/web/CController.php(870): AdvertiserController->renderFile()
#13 /Users/lopezl/Sites/pmcore/framework/web/CController.php(783): AdvertiserController->renderPartial()
#14 /Users/lopezl/Sites/pmcore/protected/controllers/AdvertiserController.php(145): AdvertiserController->render()
#15 /Users/lopezl/Sites/pmcore/framework/web/actions/CInlineAction.php(50): AdvertiserController->actionIndex()
#16 /Users/lopezl/Sites/pmcore/framework/web/CController.php(309): CInlineAction->runWithParams()
#17 /Users/lopezl/Sites/pmcore/framework/web/filters/CFilterChain.php(134): AdvertiserController->runAction()
#18 /Users/lopezl/Sites/pmcore/framework/web/filters/CFilter.php(41): CFilterChain->run()
#19 /Users/lopezl/Sites/pmcore/framework/web/CController.php(1146): CAccessControlFilter->filter()
#20 /Users/lopezl/Sites/pmcore/framework/web/filters/CInlineFilter.php(59): AdvertiserController->filterAccessControl()
#21 /Users/lopezl/Sites/pmcore/framework/web/filters/CFilterChain.php(131): CInlineFilter->filter()
#22 /Users/lopezl/Sites/pmcore/framework/web/CController.php(292): CFilterChain->run()
#23 /Users/lopezl/Sites/pmcore/framework/web/CController.php(266): AdvertiserController->runActionWithFilters()
#24 /Users/lopezl/Sites/pmcore/framework/web/CWebApplication.php(283): AdvertiserController->run()
#25 /Users/lopezl/Sites/pmcore/framework/web/CWebApplication.php(142): CWebApplication->runController()
#26 /Users/lopezl/Sites/pmcore/framework/base/CApplication.php(162): CWebApplication->processRequest()
#27 /Users/lopezl/Sites/pmcore/index.php(13): CWebApplication->run()
REQUEST_URI=/
in /Users/lopezl/Sites/pmcore/protected/views/advertiser/_viewadvcolumn.php (7)
in /Users/lopezl/Sites/pmcore/protected/views/advertiser/index.php (41)
in /Users/lopezl/Sites/pmcore/protected/controllers/AdvertiserController.php (145)
2012/10/25 23:03:55 [error] [php] trim() expects parameter 1 to be string, array given (/Users/lopezl/Sites/pmcore/framework/web/CUrlManager.php:295)
Stack trace:
#0 /Users/lopezl/Sites/pmcore/protected/views/advertiser/_viewadvcolumn.php(7): CWebApplication->createUrl()
#1 /Users/lopezl/Sites/pmcore/framework/web/CBaseController.php(131): require()
#2 /Users/lopezl/Sites/pmcore/framework/web/CBaseController.php(96): AdvertiserController->renderInternal()
#3 /Users/lopezl/Sites/pmcore/framework/zii/widgets/CListView.php(260): AdvertiserController->renderFile()
#4 /Users/lopezl/Sites/pmcore/framework/zii/widgets/CBaseListView.php(161): CListView->renderItems()
#5 unknown(0): CListView->renderSection()
#6 /Users/lopezl/Sites/pmcore/framework/zii/widgets/CBaseListView.php(144): preg_replace_callback()
#7 /Users/lopezl/Sites/pmcore/framework/zii/widgets/CBaseListView.php(129): CListView->renderContent()
#8 /Users/lopezl/Sites/pmcore/framework/web/CBaseController.php(174): CListView->run()
#9 /Users/lopezl/Sites/pmcore/protected/views/advertiser/index.php(41): AdvertiserController->widget()
#10 /Users/lopezl/Sites/pmcore/framework/web/CBaseController.php(127): require()
#11 /Users/lopezl/Sites/pmcore/framework/web/CBaseController.php(96): AdvertiserController->renderInternal()
#12 /Users/lopezl/Sites/pmcore/framework/web/CController.php(870): AdvertiserController->renderFile()
#13 /Users/lopezl/Sites/pmcore/framework/web/CController.php(783): AdvertiserController->renderPartial()
#14 /Users/lopezl/Sites/pmcore/protected/controllers/AdvertiserController.php(145): AdvertiserController->render()
#15 /Users/lopezl/Sites/pmcore/framework/web/actions/CInlineAction.php(50): AdvertiserController->actionIndex()
#16 /Users/lopezl/Sites/pmcore/framework/web/CController.php(309): CInlineAction->runWithParams()
#17 /Users/lopezl/Sites/pmcore/framework/web/filters/CFilterChain.php(134): AdvertiserController->runAction()
#18 /Users/lopezl/Sites/pmcore/framework/web/filters/CFilter.php(41): CFilterChain->run()
#19 /Users/lopezl/Sites/pmcore/framework/web/CController.php(1146): CAccessControlFilter->filter()
#20 /Users/lopezl/Sites/pmcore/framework/web/filters/CInlineFilter.php(59): AdvertiserController->filterAccessControl()
#21 /Users/lopezl/Sites/pmcore/framework/web/filters/CFilterChain.php(131): CInlineFilter->filter()
#22 /Users/lopezl/Sites/pmcore/framework/web/CController.php(292): CFilterChain->run()
#23 /Users/lopezl/Sites/pmcore/framework/web/CController.php(266): AdvertiserController->runActionWithFilters()
#24 /Users/lopezl/Sites/pmcore/framework/web/CWebApplication.php(283): AdvertiserController->run()
#25 /Users/lopezl/Sites/pmcore/framework/web/CWebApplication.php(142): CWebApplication->runController()
#26 /Users/lopezl/Sites/pmcore/framework/base/CApplication.php(162): CWebApplication->processRequest()
#27 /Users/lopezl/Sites/pmcore/index.php(13): CWebApplication->run()
REQUEST_URI=/
in /Users/lopezl/Sites/pmcore/protected/views/advertiser/_viewadvcolumn.php (7)
in /Users/lopezl/Sites/pmcore/protected/views/advertiser/index.php (41)
in /Users/lopezl/Sites/pmcore/protected/controllers/AdvertiserController.php (145)
2012/10/25 23:03:56 [error] [php] trim() expects parameter 1 to be string, array given (/Users/lopezl/Sites/pmcore/framework/web/CUrlManager.php:295)
Stack trace:
#0 /Users/lopezl/Sites/pmcore/protected/views/advertiser/_viewadvcolumn.php(7): CWebApplication->createUrl()
#1 /Users/lopezl/Sites/pmcore/framework/web/CBaseController.php(131): require()
#2 /Users/lopezl/Sites/pmcore/framework/web/CBaseController.php(96): AdvertiserController->renderInternal()
#3 /Users/lopezl/Sites/pmcore/framework/zii/widgets/CListView.php(260): AdvertiserController->renderFile()
#4 /Users/lopezl/Sites/pmcore/framework/zii/widgets/CBaseListView.php(161): CListView->renderItems()
#5 unknown(0): CListView->renderSection()
#6 /Users/lopezl/Sites/pmcore/framework/zii/widgets/CBaseListView.php(144): preg_replace_callback()
#7 /Users/lopezl/Sites/pmcore/framework/zii/widgets/CBaseListView.php(129): CListView->renderContent()
#8 /Users/lopezl/Sites/pmcore/framework/web/CBaseController.php(174): CListView->run()
#9 /Users/lopezl/Sites/pmcore/protected/views/advertiser/index.php(41): AdvertiserController->widget()
#10 /Users/lopezl/Sites/pmcore/framework/web/CBaseController.php(127): require()
#11 /Users/lopezl/Sites/pmcore/framework/web/CBaseController.php(96): AdvertiserController->renderInternal()
#12 /Users/lopezl/Sites/pmcore/framework/web/CController.php(870): AdvertiserController->renderFile()
#13 /Users/lopezl/Sites/pmcore/framework/web/CController.php(783): AdvertiserController->renderPartial()
#14 /Users/lopezl/Sites/pmcore/protected/controllers/AdvertiserController.php(145): AdvertiserController->render()
#15 /Users/lopezl/Sites/pmcore/framework/web/actions/CInlineAction.php(50): AdvertiserController->actionIndex()
#16 /Users/lopezl/Sites/pmcore/framework/web/CController.php(309): CInlineAction->runWithParams()
#17 /Users/lopezl/Sites/pmcore/framework/web/filters/CFilterChain.php(134): AdvertiserController->runAction()
#18 /Users/lopezl/Sites/pmcore/framework/web/filters/CFilter.php(41): CFilterChain->run()
#19 /Users/lopezl/Sites/pmcore/framework/web/CController.php(1146): CAccessControlFilter->filter()
#20 /Users/lopezl/Sites/pmcore/framework/web/filters/CInlineFilter.php(59): AdvertiserController->filterAccessControl()
#21 /Users/lopezl/Sites/pmcore/framework/web/filters/CFilterChain.php(131): CInlineFilter->filter()
#22 /Users/lopezl/Sites/pmcore/framework/web/CController.php(292): CFilterChain->run()
#23 /Users/lopezl/Sites/pmcore/framework/web/CController.php(266): AdvertiserController->runActionWithFilters()
#24 /Users/lopezl/Sites/pmcore/framework/web/CWebApplication.php(283): AdvertiserController->run()
#25 /Users/lopezl/Sites/pmcore/framework/web/CWebApplication.php(142): CWebApplication->runController()
#26 /Users/lopezl/Sites/pmcore/framework/base/CApplication.php(162): CWebApplication->processRequest()
#27 /Users/lopezl/Sites/pmcore/index.php(13): CWebApplication->run()
REQUEST_URI=/
in /Users/lopezl/Sites/pmcore/protected/views/advertiser/_viewadvcolumn.php (7)
in /Users/lopezl/Sites/pmcore/protected/views/advertiser/index.php (41)
in /Users/lopezl/Sites/pmcore/protected/controllers/AdvertiserController.php (145)
2012/10/25 23:05:12 [error] [exception.CHttpException.404] exception 'CHttpException' with message 'Unable to resolve the request "showCampaignColumn".' in /Users/lopezl/Sites/pmcore/framework/web/CWebApplication.php:287
Stack trace:
#0 /Users/lopezl/Sites/pmcore/framework/web/CWebApplication.php(142): CWebApplication->runController('showCampaignCol...')
#1 /Users/lopezl/Sites/pmcore/framework/base/CApplication.php(162): CWebApplication->processRequest()
#2 /Users/lopezl/Sites/pmcore/index.php(13): CApplication->run()
#3 {main}
REQUEST_URI=/showCampaignColumn
HTTP_REFERER=http://pmcore.dev/
---
2012/10/25 23:17:41 [error] [exception.CDbException] exception 'CDbException' with message 'CDbConnection failed to open the DB connection: SQLSTATE[28000] [1045] Access denied for user 'root'@'localhost' (using password: NO)' in /Users/lopezl/Sites/pmcore/framework/db/CDbConnection.php:382
Stack trace:
#0 /Users/lopezl/Sites/pmcore/framework/db/CDbConnection.php(331): CDbConnection->open()
#1 /Users/lopezl/Sites/pmcore/framework/db/CDbConnection.php(309): CDbConnection->setActive(true)
#2 /Users/lopezl/Sites/pmcore/framework/base/CModule.php(388): CDbConnection->init()
#3 /Users/lopezl/Sites/pmcore/framework/base/CApplication.php(431): CModule->getComponent('db')
#4 /Users/lopezl/Sites/pmcore/framework/db/ar/CActiveRecord.php(624): CApplication->getDb()
#5 /Users/lopezl/Sites/pmcore/framework/db/ar/CActiveRecord.php(2311): CActiveRecord->getDbConnection()
#6 /Users/lopezl/Sites/pmcore/framework/db/ar/CActiveRecord.php(388): CActiveRecordMetaData->__construct(Object(Advertiser))
#7 /Users/lopezl/Sites/pmcore/framework/web/CActiveDataProvider.php(75): CActiveRecord::model('Advertiser')
#8 /Users/lopezl/Sites/pmcore/protected/controllers/AdvertiserController.php(141): CActiveDataProvider->__construct('Advertiser', Array)
#9 /Users/lopezl/Sites/pmcore/framework/web/actions/CInlineAction.php(50): AdvertiserController->actionIndex()
#10 /Users/lopezl/Sites/pmcore/framework/web/CController.php(309): CInlineAction->runWithParams(Array)
#11 /Users/lopezl/Sites/pmcore/framework/web/filters/CFilterChain.php(134): CController->runAction(Object(CInlineAction))
#12 /Users/lopezl/Sites/pmcore/framework/web/filters/CFilter.php(41): CFilterChain->run()
#13 /Users/lopezl/Sites/pmcore/framework/web/CController.php(1146): CFilter->filter(Object(CFilterChain))
#14 /Users/lopezl/Sites/pmcore/framework/web/filters/CInlineFilter.php(59): CController->filterAccessControl(Object(CFilterChain))
#15 /Users/lopezl/Sites/pmcore/framework/web/filters/CFilterChain.php(131): CInlineFilter->filter(Object(CFilterChain))
#16 /Users/lopezl/Sites/pmcore/framework/web/CController.php(292): CFilterChain->run()
#17 /Users/lopezl/Sites/pmcore/framework/web/CController.php(266): CController->runActionWithFilters(Object(CInlineAction), Array)
#18 /Users/lopezl/Sites/pmcore/framework/web/CWebApplication.php(283): CController->run('')
#19 /Users/lopezl/Sites/pmcore/framework/web/CWebApplication.php(142): CWebApplication->runController('advertiser')
#20 /Users/lopezl/Sites/pmcore/framework/base/CApplication.php(162): CWebApplication->processRequest()
#21 /Users/lopezl/Sites/pmcore/index.php(13): CApplication->run()
#22 {main}
REQUEST_URI=/advertiser
HTTP_REFERER=http://pmcore.dev/advertiser
---
2012/10/25 23:23:57 [error] [exception.CDbException] exception 'CDbException' with message 'CDbConnection failed to open the DB connection: SQLSTATE[28000] [1045] Access denied for user 'root'@'localhost' (using password: NO)' in /Users/lopezl/Sites/pmcore/framework/db/CDbConnection.php:382
Stack trace:
#0 /Users/lopezl/Sites/pmcore/framework/db/CDbConnection.php(331): CDbConnection->open()
#1 /Users/lopezl/Sites/pmcore/framework/db/CDbConnection.php(309): CDbConnection->setActive(true)
#2 /Users/lopezl/Sites/pmcore/framework/base/CModule.php(388): CDbConnection->init()
#3 /Users/lopezl/Sites/pmcore/framework/base/CApplication.php(431): CModule->getComponent('db')
#4 /Users/lopezl/Sites/pmcore/framework/db/ar/CActiveRecord.php(624): CApplication->getDb()
#5 /Users/lopezl/Sites/pmcore/framework/db/ar/CActiveRecord.php(2311): CActiveRecord->getDbConnection()
#6 /Users/lopezl/Sites/pmcore/framework/db/ar/CActiveRecord.php(388): CActiveRecordMetaData->__construct(Object(Advertiser))
#7 /Users/lopezl/Sites/pmcore/framework/web/CActiveDataProvider.php(75): CActiveRecord::model('Advertiser')
#8 /Users/lopezl/Sites/pmcore/protected/controllers/AdvertiserController.php(141): CActiveDataProvider->__construct('Advertiser', Array)
#9 /Users/lopezl/Sites/pmcore/framework/web/actions/CInlineAction.php(50): AdvertiserController->actionIndex()
#10 /Users/lopezl/Sites/pmcore/framework/web/CController.php(309): CInlineAction->runWithParams(Array)
#11 /Users/lopezl/Sites/pmcore/framework/web/filters/CFilterChain.php(134): CController->runAction(Object(CInlineAction))
#12 /Users/lopezl/Sites/pmcore/framework/web/filters/CFilter.php(41): CFilterChain->run()
#13 /Users/lopezl/Sites/pmcore/framework/web/CController.php(1146): CFilter->filter(Object(CFilterChain))
#14 /Users/lopezl/Sites/pmcore/framework/web/filters/CInlineFilter.php(59): CController->filterAccessControl(Object(CFilterChain))
#15 /Users/lopezl/Sites/pmcore/framework/web/filters/CFilterChain.php(131): CInlineFilter->filter(Object(CFilterChain))
#16 /Users/lopezl/Sites/pmcore/framework/web/CController.php(292): CFilterChain->run()
#17 /Users/lopezl/Sites/pmcore/framework/web/CController.php(266): CController->runActionWithFilters(Object(CInlineAction), Array)
#18 /Users/lopezl/Sites/pmcore/framework/web/CWebApplication.php(283): CController->run('')
#19 /Users/lopezl/Sites/pmcore/framework/web/CWebApplication.php(142): CWebApplication->runController('advertiser')
#20 /Users/lopezl/Sites/pmcore/framework/base/CApplication.php(162): CWebApplication->processRequest()
#21 /Users/lopezl/Sites/pmcore/index.php(13): CApplication->run()
#22 {main}
REQUEST_URI=/advertiser
HTTP_REFERER=http://pmcore.dev/advertiser
---
